<?xml version="1.0"?>
<testsuites>
 <testsuite name="RCA_Sched_Scalability_DataCreation_script" package="IPDev_RevenueCycle_Scheduling.suite" timestamp="2020-08-19 16:44:06 +0530"
 tests="1"  failures="1" errors="0" time="0.031000">
  <properties>
   <property name="RunDate" value="2020-08-19 16:44:06 +0530"/>
   <property name="Status" value="Failure"/>
  </properties>
  <testcase name="RCA_Sched_Scalability_DataCreation.script" assertions="1" status="failure"  time="0.001">
    <failure type="FAILURE" message="SenseTalk Compiler Exception in rca_sched_scalability_datacreation:\nSyntax Error at line 13: Syntax Error - can't understand [end of script] at character 1 -- Execution Time 0:00:00 RCA_Sched_Scalability_DataCreation.script" />
  </testcase>
 </testsuite>
</testsuites>
